SYMBOL TABLES : 


################################################# Global Symbol Table ################################################# 

                Name       Initial Value                Size              Offset        Nested Table              Type

                  t0                null                   4                   0                null                int 
                test                   1                    4                   4                null                int 
                main                null                   0                   8              retVal           function 

#################################################  main Symbol Table #################################################  

                Name       Initial Value                Size              Offset        Nested Table              Type

              retVal                null                   4                   0                null                int 
                  t1                null                   4                   4                null                int 
               arr_i                null                  80                   8                null              array 20 int 
                  t2                null                   4                  88                null                int 
               arr_d                null                 128                  92                null              array 16 float 
                  t3                null                   4                 220                null                int 
                   i                   0                    4                 224                null                int 
                  t4                null                   4                 228                null                int 
                   n                   9                    4                 232                null                int 
                  t5                null                   4                 236                null                int 
                  t6                null                   4                 240                null                int 
                  t7                null                   4                 244                null                int 
                  t8                null                   8                 248                null              float 
                  t9                null                   4                 256                null                int 
                 t10                null                   4                 260                null                int 
                 t11                null                   4                 264                null                int 
                 t12                null                   4                 268                null                int 
                   x                 149                    4                 272                null                int 
                 t13                null                   4                 276                null                int 
                 t14                null                   4                 280                null                int 
                 t15                null                   4                 284                null                int 
                 t16                null                   4                 288                null                int 
                 t17                null                   4                 292                null                int 
                 t18                null                   4                 296                null                int 
                 t19                null                   4                 300                null                int 

xxxxxxxxxxxxxxxxxxxxxxxxxxxxxxxxxxxxxxxxxxxxxxxxxxxxxxxxxxxxxxxxxxxxxxxxxxxxxxxxxxxxxxxxxxxxxxxxxxxxxxxxxxxxxxxxxxxxxxxxxx  


QUADS : 

  0) t0 = 1
  1) main : 
  2) t1 = 20
  3) t2 = 16
  4) t3 = 0
  5) t4 = 9
  6) i = n
  7) t5 = 0
  8) if i >= t5 goto 14
  9) goto 21
 10) goto 21
 11) t6 = i
 12) i = i - 1
 13) goto 7
 14) t7 = i * 8
 15) t8 = arr_d[t7]
 16) t9 = 3
 17) t10 = i / t9
 18) t11 = dbl2int(t8)
 19) arr_d[t7] = t11
 20) goto 11
 21) t12 = 149
 22) t13 = x + x
 23) t14 = t13 + x
 24) x = t14
 25) t15 = 5
 26) i = t15
 27) t16 = 132
 28) if i < t16 goto 34
 29) goto 38
 30) goto 38
 31) t17 = i
 32) i = i + 1
 33) goto 27
 34) t18 = 3
 35) t19 = i + t18
 36) i = t19
 37) goto 31
 38) return x

xxxxxxxxxxxxxxxxxxxxxxxxxxxxxxxxxxxxxxxxxxxxxxxxxxxxxxxxxxxxxxxxxxxxxxxxxxxxxxxxxxxxxxxxxxxxxxxxxxxxxxxxxxxxxxxxxxxxxxxxxx  

